SF:lib/main.dart
DA:4,0
DA:7,1
DA:9,1
DA:10,1
DA:12,1
DA:14,1
LF:6
LH:5
end_of_record
SF:lib/routes/home_route.dart
DA:6,2
DA:7,2
DA:27,1
DA:28,2
DA:29,2
DA:30,4
DA:32,2
DA:33,1
DA:38,2
DA:39,2
DA:40,2
DA:41,4
DA:43,2
DA:44,2
DA:45,2
LF:15
LH:15
end_of_record
SF:lib/widgets/app_icons.dart
DA:19,0
LF:1
LH:0
end_of_record
SF:lib/routes/new_chat_route.dart
DA:4,1
DA:5,1
DA:6,1
DA:7,1
LF:4
LH:4
end_of_record
SF:lib/widgets/bottom_bar.dart
DA:9,2
DA:11,6
DA:13,2
DA:14,2
DA:16,2
DA:18,2
DA:19,2
DA:22,2
DA:23,2
DA:25,2
DA:28,2
DA:29,2
DA:30,2
DA:33,2
DA:34,2
DA:35,2
DA:38,2
DA:39,2
DA:40,2
DA:41,2
DA:43,2
DA:45,2
DA:46,2
DA:49,3
DA:62,2
DA:64,2
DA:66,2
DA:67,2
DA:68,4
DA:69,1
DA:70,3
LF:31
LH:31
end_of_record
